Case #1: 3 4 6
Case #2: 8 16 23 29 34 38 41 43 44 61
Case #3: 2 3 4 5 6 7 8 9 10 11
Case #4: 6 8
Case #5: 12 16 20 25 26 27 30
Case #6: 1 2 3 4 5 6 7
Case #7: 2 3 5 6
Case #8: 5 11 15 18 19 22 26 27 29 34
Case #9: 9 13 18 23 24 28
Case #10: 2 4
Case #11: 1 2 3
Case #12: 3 6 10 12
Case #13: 22 222
Case #14: 16 18 20 21 22 24 25 28 30 33
Case #15: 9 13 15 18 19 22 25 27
Case #16: 2 3 4
Case #17: 14 16 21 25 27 32 36 38 39 43
Case #18: 3 5 6 7 8 10 11 12
Case #19: 8 11 15 17 18 21 25 27 28 30
Case #20: 3 6 7 10
Case #21: 10 14 15 21 24
Case #22: 4 6 8 9 11
Case #23: 3 8 12 13 14 15 27
Case #24: 3 4 5
Case #25: 41 67 86 98
Case #26: 2 6
Case #27: 2 3 4 5
Case #28: 7 11 18 22
Case #29: 12 13 21 24 25 28 29
Case #30: 99 177 194 199 213 227 246 271 276 290
Case #31: 2 6 10 14
Case #32: 2 5
Case #33: 1 2 3 8
Case #34: 9 19 29 39 49 59 69 79 89 99
Case #35: 10 12 13 17 19 20 23
Case #36: 8 10 13
Case #37: 10 13 16 17 23 24
Case #38: 16 27 46 70 74 89 112
Case #39: 8 10 12 13 14 16 17 19 21 22
Case #40: 13 19 22
Case #41: 7 9 12 15 18 19 22 23 25 27
Case #42: 5 8
Case #43: 4 5 8 11
Case #44: 15 16 17 18 19 20 21
Case #45: 1 3 5 6 7 8
Case #46: 6 8 11
Case #47: 4 8
Case #48: 5 6 9 10 12 15 17
Case #49: 4 8
Case #50: 2 22
