Case #1: 
10111100000000000000000000000001 3 2 3 2 7 2 3 2 3
10110011000000000000000000000001 3 2 3 2 7 2 3 2 3
10110000110000000000000000000001 3 2 3 2 7 2 3 2 3
10110000001100000000000000000001 3 2 3 2 7 2 3 2 3
10110000000011000000000000000001 3 2 3 2 7 2 3 2 3
10110000000000110000000000000001 3 2 3 2 7 2 3 2 3
10110000000000001100000000000001 3 2 3 2 7 2 3 2 3
10110000000000000011000000000001 3 2 3 2 7 2 3 2 3
10110000000000000000110000000001 3 2 3 2 7 2 3 2 3
10110000000000000000001100000001 3 2 3 2 7 2 3 2 3
10110000000000000000000011000001 3 2 3 2 7 2 3 2 3
10110000000000000000000000110001 3 2 3 2 7 2 3 2 3
10110000000000000000000000001101 3 2 3 2 7 2 3 2 3
10001111000000000000000000000001 3 2 3 2 7 2 3 2 3
10001100110000000000000000000001 3 2 3 2 7 2 3 2 3
10001100001100000000000000000001 3 2 3 2 7 2 3 2 3
10001100000011000000000000000001 3 2 3 2 7 2 3 2 3
10001100000000110000000000000001 3 2 3 2 7 2 3 2 3
10001100000000001100000000000001 3 2 3 2 7 2 3 2 3
10001100000000000011000000000001 3 2 3 2 7 2 3 2 3
10001100000000000000110000000001 3 2 3 2 7 2 3 2 3
10001100000000000000001100000001 3 2 3 2 7 2 3 2 3
10001100000000000000000011000001 3 2 3 2 7 2 3 2 3
10001100000000000000000000110001 3 2 3 2 7 2 3 2 3
10001100000000000000000000001101 3 2 3 2 7 2 3 2 3
10000011110000000000000000000001 3 2 3 2 7 2 3 2 3
10000011001100000000000000000001 3 2 3 2 7 2 3 2 3
10000011000011000000000000000001 3 2 3 2 7 2 3 2 3
10000011000000110000000000000001 3 2 3 2 7 2 3 2 3
10000011000000001100000000000001 3 2 3 2 7 2 3 2 3
10000011000000000011000000000001 3 2 3 2 7 2 3 2 3
10000011000000000000110000000001 3 2 3 2 7 2 3 2 3
10000011000000000000001100000001 3 2 3 2 7 2 3 2 3
10000011000000000000000011000001 3 2 3 2 7 2 3 2 3
10000011000000000000000000110001 3 2 3 2 7 2 3 2 3
10000011000000000000000000001101 3 2 3 2 7 2 3 2 3
10000000111100000000000000000001 3 2 3 2 7 2 3 2 3
10000000110011000000000000000001 3 2 3 2 7 2 3 2 3
10000000110000110000000000000001 3 2 3 2 7 2 3 2 3
10000000110000001100000000000001 3 2 3 2 7 2 3 2 3
10000000110000000011000000000001 3 2 3 2 7 2 3 2 3
10000000110000000000110000000001 3 2 3 2 7 2 3 2 3
10000000110000000000001100000001 3 2 3 2 7 2 3 2 3
10000000110000000000000011000001 3 2 3 2 7 2 3 2 3
10000000110000000000000000110001 3 2 3 2 7 2 3 2 3
10000000110000000000000000001101 3 2 3 2 7 2 3 2 3
10000000001111000000000000000001 3 2 3 2 7 2 3 2 3
10000000001100110000000000000001 3 2 3 2 7 2 3 2 3
10000000001100001100000000000001 3 2 3 2 7 2 3 2 3
10000000001100000011000000000001 3 2 3 2 7 2 3 2 3
10000000001100000000110000000001 3 2 3 2 7 2 3 2 3
10000000001100000000001100000001 3 2 3 2 7 2 3 2 3
10000000001100000000000011000001 3 2 3 2 7 2 3 2 3
10000000001100000000000000110001 3 2 3 2 7 2 3 2 3
10000000001100000000000000001101 3 2 3 2 7 2 3 2 3
10000000000011110000000000000001 3 2 3 2 7 2 3 2 3
10000000000011001100000000000001 3 2 3 2 7 2 3 2 3
10000000000011000011000000000001 3 2 3 2 7 2 3 2 3
10000000000011000000110000000001 3 2 3 2 7 2 3 2 3
10000000000011000000001100000001 3 2 3 2 7 2 3 2 3
10000000000011000000000011000001 3 2 3 2 7 2 3 2 3
10000000000011000000000000110001 3 2 3 2 7 2 3 2 3
10000000000011000000000000001101 3 2 3 2 7 2 3 2 3
10000000000000111100000000000001 3 2 3 2 7 2 3 2 3
10000000000000110011000000000001 3 2 3 2 7 2 3 2 3
10000000000000110000110000000001 3 2 3 2 7 2 3 2 3
10000000000000110000001100000001 3 2 3 2 7 2 3 2 3
10000000000000110000000011000001 3 2 3 2 7 2 3 2 3
10000000000000110000000000110001 3 2 3 2 7 2 3 2 3
10000000000000110000000000001101 3 2 3 2 7 2 3 2 3
10000000000000001111000000000001 3 2 3 2 7 2 3 2 3
10000000000000001100110000000001 3 2 3 2 7 2 3 2 3
10000000000000001100001100000001 3 2 3 2 7 2 3 2 3
10000000000000001100000011000001 3 2 3 2 7 2 3 2 3
10000000000000001100000000110001 3 2 3 2 7 2 3 2 3
10000000000000001100000000001101 3 2 3 2 7 2 3 2 3
10000000000000000011110000000001 3 2 3 2 7 2 3 2 3
10000000000000000011001100000001 3 2 3 2 7 2 3 2 3
10000000000000000011000011000001 3 2 3 2 7 2 3 2 3
10000000000000000011000000110001 3 2 3 2 7 2 3 2 3
10000000000000000011000000001101 3 2 3 2 7 2 3 2 3
10000000000000000000111100000001 3 2 3 2 7 2 3 2 3
10000000000000000000110011000001 3 2 3 2 7 2 3 2 3
10000000000000000000110000110001 3 2 3 2 7 2 3 2 3
10000000000000000000110000001101 3 2 3 2 7 2 3 2 3
10000000000000000000001111000001 3 2 3 2 7 2 3 2 3
10000000000000000000001100110001 3 2 3 2 7 2 3 2 3
10000000000000000000001100001101 3 2 3 2 7 2 3 2 3
10000000000000000000000011110001 3 2 3 2 7 2 3 2 3
10000000000000000000000011001101 3 2 3 2 7 2 3 2 3
10000000000000000000000000111101 3 2 3 2 7 2 3 2 3
11011000000000000000000000000011 3 2 3 2 7 2 3 2 3
11010010000000000000000000000011 3 2 3 2 7 2 3 2 3
11010000100000000000000000000011 3 2 3 2 7 2 3 2 3
11010000001000000000000000000011 3 2 3 2 7 2 3 2 3
11010000000010000000000000000011 3 2 3 2 7 2 3 2 3
11010000000000100000000000000011 3 2 3 2 7 2 3 2 3
11010000000000001000000000000011 3 2 3 2 7 2 3 2 3
11010000000000000010000000000011 3 2 3 2 7 2 3 2 3
11010000000000000000100000000011 3 2 3 2 7 2 3 2 3
11010000000000000000001000000011 3 2 3 2 7 2 3 2 3
11010000000000000000000010000011 3 2 3 2 7 2 3 2 3
11010000000000000000000000100011 3 2 3 2 7 2 3 2 3
11010000000000000000000000001011 3 2 3 2 7 2 3 2 3
11000110000000000000000000000011 3 2 3 2 7 2 3 2 3
11000100100000000000000000000011 3 2 3 2 7 2 3 2 3
11000100001000000000000000000011 3 2 3 2 7 2 3 2 3
11000100000010000000000000000011 3 2 3 2 7 2 3 2 3
11000100000000100000000000000011 3 2 3 2 7 2 3 2 3
11000100000000001000000000000011 3 2 3 2 7 2 3 2 3
11000100000000000010000000000011 3 2 3 2 7 2 3 2 3
11000100000000000000100000000011 3 2 3 2 7 2 3 2 3
11000100000000000000001000000011 3 2 3 2 7 2 3 2 3
11000100000000000000000010000011 3 2 3 2 7 2 3 2 3
11000100000000000000000000100011 3 2 3 2 7 2 3 2 3
11000100000000000000000000001011 3 2 3 2 7 2 3 2 3
11000001100000000000000000000011 3 2 3 2 7 2 3 2 3
11000001001000000000000000000011 3 2 3 2 7 2 3 2 3
11000001000010000000000000000011 3 2 3 2 7 2 3 2 3
11000001000000100000000000000011 3 2 3 2 7 2 3 2 3
11000001000000001000000000000011 3 2 3 2 7 2 3 2 3
11000001000000000010000000000011 3 2 3 2 7 2 3 2 3
11000001000000000000100000000011 3 2 3 2 7 2 3 2 3
11000001000000000000001000000011 3 2 3 2 7 2 3 2 3
11000001000000000000000010000011 3 2 3 2 7 2 3 2 3
11000001000000000000000000100011 3 2 3 2 7 2 3 2 3
11000001000000000000000000001011 3 2 3 2 7 2 3 2 3
11000000011000000000000000000011 3 2 3 2 7 2 3 2 3
11000000010010000000000000000011 3 2 3 2 7 2 3 2 3
11000000010000100000000000000011 3 2 3 2 7 2 3 2 3
11000000010000001000000000000011 3 2 3 2 7 2 3 2 3
11000000010000000010000000000011 3 2 3 2 7 2 3 2 3
11000000010000000000100000000011 3 2 3 2 7 2 3 2 3
11000000010000000000001000000011 3 2 3 2 7 2 3 2 3
11000000010000000000000010000011 3 2 3 2 7 2 3 2 3
11000000010000000000000000100011 3 2 3 2 7 2 3 2 3
11000000010000000000000000001011 3 2 3 2 7 2 3 2 3
11000000000110000000000000000011 3 2 3 2 7 2 3 2 3
11000000000100100000000000000011 3 2 3 2 7 2 3 2 3
11000000000100001000000000000011 3 2 3 2 7 2 3 2 3
11000000000100000010000000000011 3 2 3 2 7 2 3 2 3
11000000000100000000100000000011 3 2 3 2 7 2 3 2 3
11000000000100000000001000000011 3 2 3 2 7 2 3 2 3
11000000000100000000000010000011 3 2 3 2 7 2 3 2 3
11000000000100000000000000100011 3 2 3 2 7 2 3 2 3
11000000000100000000000000001011 3 2 3 2 7 2 3 2 3
11000000000001100000000000000011 3 2 3 2 7 2 3 2 3
11000000000001001000000000000011 3 2 3 2 7 2 3 2 3
11000000000001000010000000000011 3 2 3 2 7 2 3 2 3
11000000000001000000100000000011 3 2 3 2 7 2 3 2 3
11000000000001000000001000000011 3 2 3 2 7 2 3 2 3
11000000000001000000000010000011 3 2 3 2 7 2 3 2 3
11000000000001000000000000100011 3 2 3 2 7 2 3 2 3
11000000000001000000000000001011 3 2 3 2 7 2 3 2 3
11000000000000011000000000000011 3 2 3 2 7 2 3 2 3
11000000000000010010000000000011 3 2 3 2 7 2 3 2 3
11000000000000010000100000000011 3 2 3 2 7 2 3 2 3
11000000000000010000001000000011 3 2 3 2 7 2 3 2 3
11000000000000010000000010000011 3 2 3 2 7 2 3 2 3
11000000000000010000000000100011 3 2 3 2 7 2 3 2 3
11000000000000010000000000001011 3 2 3 2 7 2 3 2 3
11000000000000000110000000000011 3 2 3 2 7 2 3 2 3
11000000000000000100100000000011 3 2 3 2 7 2 3 2 3
11000000000000000100001000000011 3 2 3 2 7 2 3 2 3
11000000000000000100000010000011 3 2 3 2 7 2 3 2 3
11000000000000000100000000100011 3 2 3 2 7 2 3 2 3
11000000000000000100000000001011 3 2 3 2 7 2 3 2 3
11000000000000000001100000000011 3 2 3 2 7 2 3 2 3
11000000000000000001001000000011 3 2 3 2 7 2 3 2 3
11000000000000000001000010000011 3 2 3 2 7 2 3 2 3
11000000000000000001000000100011 3 2 3 2 7 2 3 2 3
11000000000000000001000000001011 3 2 3 2 7 2 3 2 3
11000000000000000000011000000011 3 2 3 2 7 2 3 2 3
11000000000000000000010010000011 3 2 3 2 7 2 3 2 3
11000000000000000000010000100011 3 2 3 2 7 2 3 2 3
11000000000000000000010000001011 3 2 3 2 7 2 3 2 3
11000000000000000000000110000011 3 2 3 2 7 2 3 2 3
11000000000000000000000100100011 3 2 3 2 7 2 3 2 3
11000000000000000000000100001011 3 2 3 2 7 2 3 2 3
11000000000000000000000001100011 3 2 3 2 7 2 3 2 3
11000000000000000000000001001011 3 2 3 2 7 2 3 2 3
11000000000000000000000000011011 3 2 3 2 7 2 3 2 3
11100100000000000000000000000011 3 2 3 2 7 2 3 2 3
11100001000000000000000000000011 3 2 3 2 7 2 3 2 3
11100000010000000000000000000011 3 2 3 2 7 2 3 2 3
11100000000100000000000000000011 3 2 3 2 7 2 3 2 3
11100000000001000000000000000011 3 2 3 2 7 2 3 2 3
11100000000000010000000000000011 3 2 3 2 7 2 3 2 3
11100000000000000100000000000011 3 2 3 2 7 2 3 2 3
11100000000000000001000000000011 3 2 3 2 7 2 3 2 3
11100000000000000000010000000011 3 2 3 2 7 2 3 2 3
11100000000000000000000100000011 3 2 3 2 7 2 3 2 3
11100000000000000000000001000011 3 2 3 2 7 2 3 2 3
11100000000000000000000000010011 3 2 3 2 7 2 3 2 3
11100000000000000000000000000111 3 2 3 2 7 2 3 2 3
11001001000000000000000000000011 3 2 3 2 7 2 3 2 3
11001000010000000000000000000011 3 2 3 2 7 2 3 2 3
11001000000100000000000000000011 3 2 3 2 7 2 3 2 3
11001000000001000000000000000011 3 2 3 2 7 2 3 2 3
11001000000000010000000000000011 3 2 3 2 7 2 3 2 3
11001000000000000100000000000011 3 2 3 2 7 2 3 2 3
11001000000000000001000000000011 3 2 3 2 7 2 3 2 3
11001000000000000000010000000011 3 2 3 2 7 2 3 2 3
11001000000000000000000100000011 3 2 3 2 7 2 3 2 3
11001000000000000000000001000011 3 2 3 2 7 2 3 2 3
11001000000000000000000000010011 3 2 3 2 7 2 3 2 3
11001000000000000000000000000111 3 2 3 2 7 2 3 2 3
11000010010000000000000000000011 3 2 3 2 7 2 3 2 3
11000010000100000000000000000011 3 2 3 2 7 2 3 2 3
11000010000001000000000000000011 3 2 3 2 7 2 3 2 3
11000010000000010000000000000011 3 2 3 2 7 2 3 2 3
11000010000000000100000000000011 3 2 3 2 7 2 3 2 3
11000010000000000001000000000011 3 2 3 2 7 2 3 2 3
11000010000000000000010000000011 3 2 3 2 7 2 3 2 3
11000010000000000000000100000011 3 2 3 2 7 2 3 2 3
11000010000000000000000001000011 3 2 3 2 7 2 3 2 3
11000010000000000000000000010011 3 2 3 2 7 2 3 2 3
11000010000000000000000000000111 3 2 3 2 7 2 3 2 3
11000000100100000000000000000011 3 2 3 2 7 2 3 2 3
11000000100001000000000000000011 3 2 3 2 7 2 3 2 3
11000000100000010000000000000011 3 2 3 2 7 2 3 2 3
11000000100000000100000000000011 3 2 3 2 7 2 3 2 3
11000000100000000001000000000011 3 2 3 2 7 2 3 2 3
11000000100000000000010000000011 3 2 3 2 7 2 3 2 3
11000000100000000000000100000011 3 2 3 2 7 2 3 2 3
11000000100000000000000001000011 3 2 3 2 7 2 3 2 3
11000000100000000000000000010011 3 2 3 2 7 2 3 2 3
11000000100000000000000000000111 3 2 3 2 7 2 3 2 3
11000000001001000000000000000011 3 2 3 2 7 2 3 2 3
11000000001000010000000000000011 3 2 3 2 7 2 3 2 3
11000000001000000100000000000011 3 2 3 2 7 2 3 2 3
11000000001000000001000000000011 3 2 3 2 7 2 3 2 3
11000000001000000000010000000011 3 2 3 2 7 2 3 2 3
11000000001000000000000100000011 3 2 3 2 7 2 3 2 3
11000000001000000000000001000011 3 2 3 2 7 2 3 2 3
11000000001000000000000000010011 3 2 3 2 7 2 3 2 3
11000000001000000000000000000111 3 2 3 2 7 2 3 2 3
11000000000010010000000000000011 3 2 3 2 7 2 3 2 3
11000000000010000100000000000011 3 2 3 2 7 2 3 2 3
11000000000010000001000000000011 3 2 3 2 7 2 3 2 3
11000000000010000000010000000011 3 2 3 2 7 2 3 2 3
11000000000010000000000100000011 3 2 3 2 7 2 3 2 3
11000000000010000000000001000011 3 2 3 2 7 2 3 2 3
11000000000010000000000000010011 3 2 3 2 7 2 3 2 3
11000000000010000000000000000111 3 2 3 2 7 2 3 2 3
11000000000000100100000000000011 3 2 3 2 7 2 3 2 3
11000000000000100001000000000011 3 2 3 2 7 2 3 2 3
11000000000000100000010000000011 3 2 3 2 7 2 3 2 3
11000000000000100000000100000011 3 2 3 2 7 2 3 2 3
11000000000000100000000001000011 3 2 3 2 7 2 3 2 3
11000000000000100000000000010011 3 2 3 2 7 2 3 2 3
11000000000000100000000000000111 3 2 3 2 7 2 3 2 3
11000000000000001001000000000011 3 2 3 2 7 2 3 2 3
11000000000000001000010000000011 3 2 3 2 7 2 3 2 3
11000000000000001000000100000011 3 2 3 2 7 2 3 2 3
11000000000000001000000001000011 3 2 3 2 7 2 3 2 3
11000000000000001000000000010011 3 2 3 2 7 2 3 2 3
11000000000000001000000000000111 3 2 3 2 7 2 3 2 3
11000000000000000010010000000011 3 2 3 2 7 2 3 2 3
11000000000000000010000100000011 3 2 3 2 7 2 3 2 3
11000000000000000010000001000011 3 2 3 2 7 2 3 2 3
11000000000000000010000000010011 3 2 3 2 7 2 3 2 3
11000000000000000010000000000111 3 2 3 2 7 2 3 2 3
11000000000000000000100100000011 3 2 3 2 7 2 3 2 3
11000000000000000000100001000011 3 2 3 2 7 2 3 2 3
11000000000000000000100000010011 3 2 3 2 7 2 3 2 3
11000000000000000000100000000111 3 2 3 2 7 2 3 2 3
11000000000000000000001001000011 3 2 3 2 7 2 3 2 3
11000000000000000000001000010011 3 2 3 2 7 2 3 2 3
11000000000000000000001000000111 3 2 3 2 7 2 3 2 3
11000000000000000000000010010011 3 2 3 2 7 2 3 2 3
11000000000000000000000010000111 3 2 3 2 7 2 3 2 3
11000000000000000000000000100111 3 2 3 2 7 2 3 2 3
11110000000000000000000000000011 3 2 3 2 7 2 3 2 3
11001100000000000000000000000011 3 2 3 2 7 2 3 2 3
11000011000000000000000000000011 3 2 3 2 7 2 3 2 3
11000000110000000000000000000011 3 2 3 2 7 2 3 2 3
11000000001100000000000000000011 3 2 3 2 7 2 3 2 3
11000000000011000000000000000011 3 2 3 2 7 2 3 2 3
11000000000000110000000000000011 3 2 3 2 7 2 3 2 3
11000000000000001100000000000011 3 2 3 2 7 2 3 2 3
11000000000000000011000000000011 3 2 3 2 7 2 3 2 3
11000000000000000000110000000011 3 2 3 2 7 2 3 2 3
11000000000000000000001100000011 3 2 3 2 7 2 3 2 3
11000000000000000000000011000011 3 2 3 2 7 2 3 2 3
11000000000000000000000000110011 3 2 3 2 7 2 3 2 3
11000000000000000000000000001111 3 2 3 2 7 2 3 2 3
10011001100000000000000000000001 3 2 3 2 7 2 3 2 3
10011001001000000000000000000001 3 2 3 2 7 2 3 2 3
10011001000010000000000000000001 3 2 3 2 7 2 3 2 3
10011001000000100000000000000001 3 2 3 2 7 2 3 2 3
10011001000000001000000000000001 3 2 3 2 7 2 3 2 3
10011001000000000010000000000001 3 2 3 2 7 2 3 2 3
10011001000000000000100000000001 3 2 3 2 7 2 3 2 3
10011001000000000000001000000001 3 2 3 2 7 2 3 2 3
10011001000000000000000010000001 3 2 3 2 7 2 3 2 3
10011001000000000000000000100001 3 2 3 2 7 2 3 2 3
10011001000000000000000000001001 3 2 3 2 7 2 3 2 3
10011000011000000000000000000001 3 2 3 2 7 2 3 2 3
10011000010010000000000000000001 3 2 3 2 7 2 3 2 3
10011000010000100000000000000001 3 2 3 2 7 2 3 2 3
10011000010000001000000000000001 3 2 3 2 7 2 3 2 3
10011000010000000010000000000001 3 2 3 2 7 2 3 2 3
10011000010000000000100000000001 3 2 3 2 7 2 3 2 3
10011000010000000000001000000001 3 2 3 2 7 2 3 2 3
10011000010000000000000010000001 3 2 3 2 7 2 3 2 3
10011000010000000000000000100001 3 2 3 2 7 2 3 2 3
10011000010000000000000000001001 3 2 3 2 7 2 3 2 3
10011000000110000000000000000001 3 2 3 2 7 2 3 2 3
10011000000100100000000000000001 3 2 3 2 7 2 3 2 3
10011000000100001000000000000001 3 2 3 2 7 2 3 2 3
10011000000100000010000000000001 3 2 3 2 7 2 3 2 3
10011000000100000000100000000001 3 2 3 2 7 2 3 2 3
10011000000100000000001000000001 3 2 3 2 7 2 3 2 3
10011000000100000000000010000001 3 2 3 2 7 2 3 2 3
10011000000100000000000000100001 3 2 3 2 7 2 3 2 3
10011000000100000000000000001001 3 2 3 2 7 2 3 2 3
10011000000001100000000000000001 3 2 3 2 7 2 3 2 3
10011000000001001000000000000001 3 2 3 2 7 2 3 2 3
10011000000001000010000000000001 3 2 3 2 7 2 3 2 3
10011000000001000000100000000001 3 2 3 2 7 2 3 2 3
10011000000001000000001000000001 3 2 3 2 7 2 3 2 3
10011000000001000000000010000001 3 2 3 2 7 2 3 2 3
10011000000001000000000000100001 3 2 3 2 7 2 3 2 3
10011000000001000000000000001001 3 2 3 2 7 2 3 2 3
10011000000000011000000000000001 3 2 3 2 7 2 3 2 3
10011000000000010010000000000001 3 2 3 2 7 2 3 2 3
10011000000000010000100000000001 3 2 3 2 7 2 3 2 3
10011000000000010000001000000001 3 2 3 2 7 2 3 2 3
10011000000000010000000010000001 3 2 3 2 7 2 3 2 3
10011000000000010000000000100001 3 2 3 2 7 2 3 2 3
10011000000000010000000000001001 3 2 3 2 7 2 3 2 3
10011000000000000110000000000001 3 2 3 2 7 2 3 2 3
10011000000000000100100000000001 3 2 3 2 7 2 3 2 3
10011000000000000100001000000001 3 2 3 2 7 2 3 2 3
10011000000000000100000010000001 3 2 3 2 7 2 3 2 3
10011000000000000100000000100001 3 2 3 2 7 2 3 2 3
10011000000000000100000000001001 3 2 3 2 7 2 3 2 3
10011000000000000001100000000001 3 2 3 2 7 2 3 2 3
10011000000000000001001000000001 3 2 3 2 7 2 3 2 3
10011000000000000001000010000001 3 2 3 2 7 2 3 2 3
10011000000000000001000000100001 3 2 3 2 7 2 3 2 3
10011000000000000001000000001001 3 2 3 2 7 2 3 2 3
10011000000000000000011000000001 3 2 3 2 7 2 3 2 3
10011000000000000000010010000001 3 2 3 2 7 2 3 2 3
10011000000000000000010000100001 3 2 3 2 7 2 3 2 3
10011000000000000000010000001001 3 2 3 2 7 2 3 2 3
10011000000000000000000110000001 3 2 3 2 7 2 3 2 3
10011000000000000000000100100001 3 2 3 2 7 2 3 2 3
10011000000000000000000100001001 3 2 3 2 7 2 3 2 3
10011000000000000000000001100001 3 2 3 2 7 2 3 2 3
10011000000000000000000001001001 3 2 3 2 7 2 3 2 3
10011000000000000000000000011001 3 2 3 2 7 2 3 2 3
10010010011000000000000000000001 3 2 3 2 7 2 3 2 3
10010010010010000000000000000001 3 2 3 2 7 2 3 2 3
10010010010000100000000000000001 3 2 3 2 7 2 3 2 3
10010010010000001000000000000001 3 2 3 2 7 2 3 2 3
10010010010000000010000000000001 3 2 3 2 7 2 3 2 3
10010010010000000000100000000001 3 2 3 2 7 2 3 2 3
10010010010000000000001000000001 3 2 3 2 7 2 3 2 3
10010010010000000000000010000001 3 2 3 2 7 2 3 2 3
10010010010000000000000000100001 3 2 3 2 7 2 3 2 3
10010010010000000000000000001001 3 2 3 2 7 2 3 2 3
10010010000110000000000000000001 3 2 3 2 7 2 3 2 3
10010010000100100000000000000001 3 2 3 2 7 2 3 2 3
10010010000100001000000000000001 3 2 3 2 7 2 3 2 3
10010010000100000010000000000001 3 2 3 2 7 2 3 2 3
10010010000100000000100000000001 3 2 3 2 7 2 3 2 3
10010010000100000000001000000001 3 2 3 2 7 2 3 2 3
10010010000100000000000010000001 3 2 3 2 7 2 3 2 3
10010010000100000000000000100001 3 2 3 2 7 2 3 2 3
10010010000100000000000000001001 3 2 3 2 7 2 3 2 3
10010010000001100000000000000001 3 2 3 2 7 2 3 2 3
10010010000001001000000000000001 3 2 3 2 7 2 3 2 3
10010010000001000010000000000001 3 2 3 2 7 2 3 2 3
10010010000001000000100000000001 3 2 3 2 7 2 3 2 3
10010010000001000000001000000001 3 2 3 2 7 2 3 2 3
10010010000001000000000010000001 3 2 3 2 7 2 3 2 3
10010010000001000000000000100001 3 2 3 2 7 2 3 2 3
10010010000001000000000000001001 3 2 3 2 7 2 3 2 3
10010010000000011000000000000001 3 2 3 2 7 2 3 2 3
10010010000000010010000000000001 3 2 3 2 7 2 3 2 3
10010010000000010000100000000001 3 2 3 2 7 2 3 2 3
10010010000000010000001000000001 3 2 3 2 7 2 3 2 3
10010010000000010000000010000001 3 2 3 2 7 2 3 2 3
10010010000000010000000000100001 3 2 3 2 7 2 3 2 3
10010010000000010000000000001001 3 2 3 2 7 2 3 2 3
10010010000000000110000000000001 3 2 3 2 7 2 3 2 3
10010010000000000100100000000001 3 2 3 2 7 2 3 2 3
10010010000000000100001000000001 3 2 3 2 7 2 3 2 3
10010010000000000100000010000001 3 2 3 2 7 2 3 2 3
10010010000000000100000000100001 3 2 3 2 7 2 3 2 3
10010010000000000100000000001001 3 2 3 2 7 2 3 2 3
10010010000000000001100000000001 3 2 3 2 7 2 3 2 3
10010010000000000001001000000001 3 2 3 2 7 2 3 2 3
10010010000000000001000010000001 3 2 3 2 7 2 3 2 3
10010010000000000001000000100001 3 2 3 2 7 2 3 2 3
10010010000000000001000000001001 3 2 3 2 7 2 3 2 3
10010010000000000000011000000001 3 2 3 2 7 2 3 2 3
10010010000000000000010010000001 3 2 3 2 7 2 3 2 3
10010010000000000000010000100001 3 2 3 2 7 2 3 2 3
10010010000000000000010000001001 3 2 3 2 7 2 3 2 3
10010010000000000000000110000001 3 2 3 2 7 2 3 2 3
10010010000000000000000100100001 3 2 3 2 7 2 3 2 3
10010010000000000000000100001001 3 2 3 2 7 2 3 2 3
10010010000000000000000001100001 3 2 3 2 7 2 3 2 3
10010010000000000000000001001001 3 2 3 2 7 2 3 2 3
10010010000000000000000000011001 3 2 3 2 7 2 3 2 3
10010000100110000000000000000001 3 2 3 2 7 2 3 2 3
10010000100100100000000000000001 3 2 3 2 7 2 3 2 3
10010000100100001000000000000001 3 2 3 2 7 2 3 2 3
10010000100100000010000000000001 3 2 3 2 7 2 3 2 3
10010000100100000000100000000001 3 2 3 2 7 2 3 2 3
10010000100100000000001000000001 3 2 3 2 7 2 3 2 3
10010000100100000000000010000001 3 2 3 2 7 2 3 2 3
10010000100100000000000000100001 3 2 3 2 7 2 3 2 3
10010000100100000000000000001001 3 2 3 2 7 2 3 2 3
10010000100001100000000000000001 3 2 3 2 7 2 3 2 3
10010000100001001000000000000001 3 2 3 2 7 2 3 2 3
10010000100001000010000000000001 3 2 3 2 7 2 3 2 3
10010000100001000000100000000001 3 2 3 2 7 2 3 2 3
10010000100001000000001000000001 3 2 3 2 7 2 3 2 3
10010000100001000000000010000001 3 2 3 2 7 2 3 2 3
10010000100001000000000000100001 3 2 3 2 7 2 3 2 3
10010000100001000000000000001001 3 2 3 2 7 2 3 2 3
10010000100000011000000000000001 3 2 3 2 7 2 3 2 3
10010000100000010010000000000001 3 2 3 2 7 2 3 2 3
10010000100000010000100000000001 3 2 3 2 7 2 3 2 3
10010000100000010000001000000001 3 2 3 2 7 2 3 2 3
10010000100000010000000010000001 3 2 3 2 7 2 3 2 3
10010000100000010000000000100001 3 2 3 2 7 2 3 2 3
10010000100000010000000000001001 3 2 3 2 7 2 3 2 3
10010000100000000110000000000001 3 2 3 2 7 2 3 2 3
10010000100000000100100000000001 3 2 3 2 7 2 3 2 3
10010000100000000100001000000001 3 2 3 2 7 2 3 2 3
10010000100000000100000010000001 3 2 3 2 7 2 3 2 3
10010000100000000100000000100001 3 2 3 2 7 2 3 2 3
10010000100000000100000000001001 3 2 3 2 7 2 3 2 3
10010000100000000001100000000001 3 2 3 2 7 2 3 2 3
10010000100000000001001000000001 3 2 3 2 7 2 3 2 3
10010000100000000001000010000001 3 2 3 2 7 2 3 2 3
10010000100000000001000000100001 3 2 3 2 7 2 3 2 3
10010000100000000001000000001001 3 2 3 2 7 2 3 2 3
10010000100000000000011000000001 3 2 3 2 7 2 3 2 3
10010000100000000000010010000001 3 2 3 2 7 2 3 2 3
10010000100000000000010000100001 3 2 3 2 7 2 3 2 3
10010000100000000000010000001001 3 2 3 2 7 2 3 2 3
10010000100000000000000110000001 3 2 3 2 7 2 3 2 3
10010000100000000000000100100001 3 2 3 2 7 2 3 2 3
10010000100000000000000100001001 3 2 3 2 7 2 3 2 3
10010000100000000000000001100001 3 2 3 2 7 2 3 2 3
10010000100000000000000001001001 3 2 3 2 7 2 3 2 3
10010000100000000000000000011001 3 2 3 2 7 2 3 2 3
10010000001001100000000000000001 3 2 3 2 7 2 3 2 3
10010000001001001000000000000001 3 2 3 2 7 2 3 2 3
10010000001001000010000000000001 3 2 3 2 7 2 3 2 3
10010000001001000000100000000001 3 2 3 2 7 2 3 2 3
10010000001001000000001000000001 3 2 3 2 7 2 3 2 3
10010000001001000000000010000001 3 2 3 2 7 2 3 2 3
10010000001001000000000000100001 3 2 3 2 7 2 3 2 3
10010000001001000000000000001001 3 2 3 2 7 2 3 2 3
10010000001000011000000000000001 3 2 3 2 7 2 3 2 3
10010000001000010010000000000001 3 2 3 2 7 2 3 2 3
10010000001000010000100000000001 3 2 3 2 7 2 3 2 3
10010000001000010000001000000001 3 2 3 2 7 2 3 2 3
10010000001000010000000010000001 3 2 3 2 7 2 3 2 3
10010000001000010000000000100001 3 2 3 2 7 2 3 2 3
10010000001000010000000000001001 3 2 3 2 7 2 3 2 3
10010000001000000110000000000001 3 2 3 2 7 2 3 2 3
10010000001000000100100000000001 3 2 3 2 7 2 3 2 3
10010000001000000100001000000001 3 2 3 2 7 2 3 2 3
10010000001000000100000010000001 3 2 3 2 7 2 3 2 3
10010000001000000100000000100001 3 2 3 2 7 2 3 2 3
10010000001000000100000000001001 3 2 3 2 7 2 3 2 3
10010000001000000001100000000001 3 2 3 2 7 2 3 2 3
10010000001000000001001000000001 3 2 3 2 7 2 3 2 3
10010000001000000001000010000001 3 2 3 2 7 2 3 2 3
10010000001000000001000000100001 3 2 3 2 7 2 3 2 3
10010000001000000001000000001001 3 2 3 2 7 2 3 2 3
10010000001000000000011000000001 3 2 3 2 7 2 3 2 3
10010000001000000000010010000001 3 2 3 2 7 2 3 2 3
10010000001000000000010000100001 3 2 3 2 7 2 3 2 3
10010000001000000000010000001001 3 2 3 2 7 2 3 2 3
10010000001000000000000110000001 3 2 3 2 7 2 3 2 3
10010000001000000000000100100001 3 2 3 2 7 2 3 2 3
10010000001000000000000100001001 3 2 3 2 7 2 3 2 3
10010000001000000000000001100001 3 2 3 2 7 2 3 2 3
10010000001000000000000001001001 3 2 3 2 7 2 3 2 3
10010000001000000000000000011001 3 2 3 2 7 2 3 2 3
10010000000010011000000000000001 3 2 3 2 7 2 3 2 3
10010000000010010010000000000001 3 2 3 2 7 2 3 2 3
10010000000010010000100000000001 3 2 3 2 7 2 3 2 3
10010000000010010000001000000001 3 2 3 2 7 2 3 2 3
10010000000010010000000010000001 3 2 3 2 7 2 3 2 3
10010000000010010000000000100001 3 2 3 2 7 2 3 2 3
10010000000010010000000000001001 3 2 3 2 7 2 3 2 3
10010000000010000110000000000001 3 2 3 2 7 2 3 2 3
10010000000010000100100000000001 3 2 3 2 7 2 3 2 3
10010000000010000100001000000001 3 2 3 2 7 2 3 2 3
10010000000010000100000010000001 3 2 3 2 7 2 3 2 3
