Case #1: 
1011110000000001 3 2 3 2 7 2 3 2 3
1011001100000001 3 2 3 2 7 2 3 2 3
1011000011000001 3 2 3 2 7 2 3 2 3
1011000000110001 3 2 3 2 7 2 3 2 3
1011000000001101 3 2 3 2 7 2 3 2 3
1000111100000001 3 2 3 2 7 2 3 2 3
1000110011000001 3 2 3 2 7 2 3 2 3
1000110000110001 3 2 3 2 7 2 3 2 3
1000110000001101 3 2 3 2 7 2 3 2 3
1000001111000001 3 2 3 2 7 2 3 2 3
1000001100110001 3 2 3 2 7 2 3 2 3
1000001100001101 3 2 3 2 7 2 3 2 3
1000000011110001 3 2 3 2 7 2 3 2 3
1000000011001101 3 2 3 2 7 2 3 2 3
1000000000111101 3 2 3 2 7 2 3 2 3
1101100000000011 3 2 3 2 7 2 3 2 3
1101001000000011 3 2 3 2 7 2 3 2 3
1101000010000011 3 2 3 2 7 2 3 2 3
1101000000100011 3 2 3 2 7 2 3 2 3
1101000000001011 3 2 3 2 7 2 3 2 3
1100011000000011 3 2 3 2 7 2 3 2 3
1100010010000011 3 2 3 2 7 2 3 2 3
1100010000100011 3 2 3 2 7 2 3 2 3
1100010000001011 3 2 3 2 7 2 3 2 3
1100000110000011 3 2 3 2 7 2 3 2 3
1100000100100011 3 2 3 2 7 2 3 2 3
1100000100001011 3 2 3 2 7 2 3 2 3
1100000001100011 3 2 3 2 7 2 3 2 3
1100000001001011 3 2 3 2 7 2 3 2 3
1100000000011011 3 2 3 2 7 2 3 2 3
1110010000000011 3 2 3 2 7 2 3 2 3
1110000100000011 3 2 3 2 7 2 3 2 3
1110000001000011 3 2 3 2 7 2 3 2 3
1110000000010011 3 2 3 2 7 2 3 2 3
1110000000000111 3 2 3 2 7 2 3 2 3
1100100100000011 3 2 3 2 7 2 3 2 3
1100100001000011 3 2 3 2 7 2 3 2 3
1100100000010011 3 2 3 2 7 2 3 2 3
1100100000000111 3 2 3 2 7 2 3 2 3
1100001001000011 3 2 3 2 7 2 3 2 3
1100001000010011 3 2 3 2 7 2 3 2 3
1100001000000111 3 2 3 2 7 2 3 2 3
1100000010010011 3 2 3 2 7 2 3 2 3
1100000010000111 3 2 3 2 7 2 3 2 3
1100000000100111 3 2 3 2 7 2 3 2 3
1111000000000011 3 2 3 2 7 2 3 2 3
1100110000000011 3 2 3 2 7 2 3 2 3
1100001100000011 3 2 3 2 7 2 3 2 3
1100000011000011 3 2 3 2 7 2 3 2 3
1100000000110011 3 2 3 2 7 2 3 2 3
