Case #1: 2
Case #2: 1
Case #3: IMPOSSIBLE
Case #4: 1 2
Case #5: 2 3
Case #6: IMPOSSIBLE
Case #7: 451294366333507 152086201454391667 17607147
Case #8: IMPOSSIBLE
Case #9: IMPOSSIBLE
Case #10: 1
Case #11: 1 2 3 4 5 6 7 8 9 10 11 12 13 14 15 16 17 18 19 20 21 22 23 24 25 26 27 28 29 30 31 32 33 34 35 36 37 38 39 40 41 42 43 44 45 46 47 48 49 50 51 52 53
Case #12: 661030 107747764 214834498 321921232 547204
Case #13: 1 2 3 4 5 6 7 8 9 10 11 12 13 14 15 16 17 18 19 20 21 22 23 24 25 26 27 28 29
Case #14: 1 2 3 4 5 6 7 8 9 10 11 12 13 14 15 16 17 18 19 20 21 22 23 24 25 26 27 28 29 30 31 32 33 34 35 36 37 38 39 40 41 42 43 44 45 46 47 48 49 50 51 52 53 54 55 56 57 58 59 60 61 62 63 64 65 66 67 68 69 70 71 72 73 74 75 76 77 78 79 80 81 82 83 84 85 86 87 88 89 90 91 92 93 94 95 96 97 98 99 100
Case #15: 2437616632 1265123031539 2527808446446 3790493861353 5053179276260 6315864691167 7578550106074 8841235520981 10103920935888 11366606350795 2245207425
Case #16: 2302946864 647128068568 1291953190272 1936778311976 1537020
Case #17: 195
Case #18: IMPOSSIBLE
Case #19: 172 7712 15252
Case #20: 334963151717 220070790677477 439806618203237 659542445728997 879278273254757 1099014100780517 1318749928306277 1538485755832037 1758221583357797 1977957410883557 557926
Case #21: IMPOSSIBLE
Case #22: 2103299351335
Case #23: 6
Case #24: IMPOSSIBLE
Case #25: IMPOSSIBLE
Case #26: 1
Case #27: IMPOSSIBLE
Case #28: IMPOSSIBLE
Case #29: 2
Case #30: 6
Case #31: IMPOSSIBLE
Case #32: 78 17181 34284 51387 68490 85593 102696 119799 136902 154005 171108 188211 205314 222417 239520 256623 273726 290829 307932 325035 342138 359241 376344 393447 410550
Case #33: IMPOSSIBLE
Case #34: 8467 3056243 6104019 9151795 12199571 15247347 18295123 21342899 24390675 27438451 30486227 33534003 36581779 39629555 42677331 45725107 48772883 51820659 54868435 57916211 60963987 64011763 736918
Case #35: 28
Case #36: IMPOSSIBLE
Case #37: IMPOSSIBLE
Case #38: 1 2 3
Case #39: 850415971613 653969882169693 1307089348367773 1960208814565853 2613328280763933 3266447746962013 3919567213160093 4572686679358173 5225806145556253 5878925611754333 6532045077952413 7185164544150493 97
Case #40: IMPOSSIBLE
Case #41: 2
Case #42: 1 2 3 4 5 6 7 8 9 10 11 12 13 14 15 16 17 18 19 20 21 22 23 24 25 26 27 28 29 30 31 32 33 34 35 36 37 38 39 40 41 42 43 44 45 46 47 48 49 50 51 52 53 54 55 56
Case #43: 2
Case #44: 1
Case #45: 49357525892312 17423206639985905 34797055754079498
Case #46: IMPOSSIBLE
Case #47: IMPOSSIBLE
Case #48: 131786434949 73932190005893 147732593576837 221532997147781 295333400718725 369133804289669 442934207860613 516734611431557 8317394577500
Case #49: 358964272 125996459171 251633954070 377271448969 502908943868 628546438767 754183933666 2550
Case #50: 2 3
Case #51: 1
Case #52: IMPOSSIBLE
Case #53: IMPOSSIBLE
Case #54: 2
Case #55: IMPOSSIBLE
Case #56: 28
Case #57: 10204 4050608 8091012 12131416 16171820 20212224 24252628 28293032 32333436 36373840 40414244 44454648 48495052 52535456 56575860 60616264 64656668 68697072 72737476 76777880 80818284 84858688 88899092 92939496 96979900
Case #58: 28
Case #59: 7 4
Case #60: IMPOSSIBLE
Case #61: 417795173 87319191013 174220586853 18198
Case #62: IMPOSSIBLE
Case #63: 3706377605 1130445169285 2257183960965 3383922752645 115657988316
Case #64: 1
Case #65: 1235 56790
Case #66: IMPOSSIBLE
Case #67: 1
Case #68: 268822560488 170164680788336 340060539016184 509956397244032 679852255471880 849748113699728 1019643971927576 1189539830155424 1359435688383272 1529331546611120
Case #69: 2 204 406 608 810 1012 1214 1416 1618 1820 2022 2224 2426 2628 2830 3032 3234 3436 3638 3840 4042 4244 4446 4648 4850 5052 5254 5456 5658 5860 6062 6264 6466 6668 6870 7072 7274 7476 7678 7880 8082 8284 8486 8688 8890 9092 9294 9496 9698 9900
Case #70: 335466937132 182
Case #71: 64677318922158 33696883158443898 67329088997965638 100961294837487378 134593500677009118 143206
Case #72: 1 2 3 4
Case #73: 3924454 1016433364 2028942274 3041451184 4053960094 5066469004 6078977914 1892
Case #74: 1
Case #75: 6
Case #76: 103 30406 60709 91012 121315 151618 181921 212224 242527 272830 303133 333436 363739 394042 424345 454648 484951 515254 545557 575860 606163 636466 666769 697072 727375 757678 787981 818284 848587 878890 909193 939496 969799 100
Case #77: IMPOSSIBLE
Case #78: 6625963877 2232949826277 4459273688677 6685597551077 8911921413477 75766
Case #79: IMPOSSIBLE
Case #80: 24857812965894 11459451777276774 22894045741587654 34328639705898534 440781268796
Case #81: IMPOSSIBLE
Case #82: IMPOSSIBLE
Case #83: IMPOSSIBLE
Case #84: 1603 245123 488643 732163 975683 1219203 1462723 1706243 1949763 56238
Case #85: 99 28038 55977 83916 111855 139794 167733 195672 223611 251550 279489 307428 335367 363306 391245 419184 447123 475062 503001 530940 558879 586818 614757 642696 670635 698574 726513 754452 782391 810330 838269 866208
Case #86: IMPOSSIBLE
Case #87: 1
Case #88: 123456790
Case #89: 1
Case #90: 28
Case #91: 3367 757367 1511367 2265367 3019367 3773367 4527367 5281367 6035367 6789367 7543367 8297367 9051367 9805367 57
Case #92: 2 12
Case #93: 487 39383 78279 117175 156071 21
Case #94: 133874594952 16688866
Case #95: IMPOSSIBLE
Case #96: 623749 57384866
Case #97: 850415971613 653969882169693 1307089348367773 1960208814565853 2613328280763933 3266447746962013 3919567213160093 4572686679358173 5225806145556253 5878925611754333 6532045077952413 7185164544150493 97
Case #98: 2
Case #99: 3972 972912 1941852 2910792 3879732 4848672 5817612 6786552 7755492 8724432 9693372 10662312 11631252 12600192 13569132 3782
Case #100: 102030405060709 91011121314151618 181920212223242527 272829303132333436 363738394041424345 454647484950515254 545556575859606163 636465666768697072 727374757677787981 818283848586878890 909192939495969799 100
