Case #1: 2
Case #2: 1
Case #3: 1 2
Case #4: 2 3
Case #5: 1 2 3 4 5 6 7 8 9 10 11 12 13 14 15 16 17 18 19 20 21 22 23 24 25 26 27 28 29 30 31 32 33 34 35 36 37 38 39 40 41 42 43 44 45 46 47 48 49 50 51 52 53 54 55 56 57 58 59 60 61 62 63 64 65 66 67 68 69 70 71 72 73 74 75
Case #6: 151937203716006 88275515358999006 176399093514282006 264522671669565006 352646249824848006 7470675050510695
Case #7: 8687205887 1963308530318 150689609798
Case #8: 7 4
Case #9: 4283500459 2492997266606 4981711032753 7470424798900 9959138565047 12447852331194 14936566097341 17425279863488 19913993629635 22402707395782 24891421161929 27380134928076
Case #10: 12486472279055 8216098759617614 16419711046956173 24623323334294732 32826935621633291 41030547908971850 49234160196310409 57437772483648968 5402
Case #11: 579 51459 102339 153219 204099 11086
Case #12: 10 181 7
Case #13: 79762954 44587490764 89095218574 133602946384 178110674194 222618402004 267126129814 311633857624 356141585434 400649313244 445157041054 489664768864 534172496674 578680224484 623187952294 75565378
Case #14: 258179 80293384 160328589 240363794 320398999 400434204 480469409 560504614 640539819 720575024 800610229 880645434 242046
Case #15: 1
Case #16: 1
Case #17: 5187 1457283 2909379 4361475 5813571 7265667 8717763 10169859 11621955 13074051 14526147 15978243 17430339 18882435 20334531 21786627 23238723 347758
Case #18: 2 34 66 98 130 162 194 15
Case #19: 1866
Case #20: 6
Case #21: 2 42 82 122 162 202 242 282 322 19
Case #22: 5056619345189 2917669362173558 5830282105001927 8742894847830296 11655507590658665 14568120333487034 17480733076315403 4160
Case #23: 65 11786 23507 35228 46949 58670 70391 82112 93833 105554 117275 128996 140717 152438 164159 175880 187601 199322 211043 222764 3782
Case #24: 28
Case #25: 1 2 3 4 5 6 7 8 9 10 11 12 13 14 15 16 17 18 19 20 21 22 23 24 25
Case #26: 1
Case #27: 1
Case #28: 102 29805 59508 89211 118914 148617 178320 208023 237726 267429 297132 326835 356538 386241 415944 445647 475350 505053 534756 564459 594162 623865 653568 683271 712974 742677 772380 802083 831786 861489 891192 920895 950598
Case #29: 1
Case #30: 41 4490 8939 13388 17837 22286 26735 31184 35633 40082 44531 48980 1406
Case #31: 2 12
Case #32: 1
Case #33: 2
Case #34: 2 152 302 452 602 752 902 1052 1202 1352 1502 1652 1802 1952 2102 2252 2402 2552 2702 2852 3002 3152 3302 3452 3602 3752 3902 4052 4202 4352 4502 4652 4802 4952 5102 5252 5402
Case #35: 8475867884899 5271989824406638 10535503780928377 15799017737450116 21062531693971855 26326045650493594 31589559607015333 7521035421130
Case #36: 1 2 3 4 5 6
Case #37: 66 12165 24264 36363 48462 60561 72660 84759 96858 108957 121056 133155 145254 157353 169452 181551 193650 205749 217848 229947 242046
Case #38: 55995466 28613682652 57171369838 85729057024 114286744210 142844431396 171402118582 199959805768 228517492954 257075180140 285632867326 314190554512 342748241698 371305928884 7310
Case #39: 750815336453 565363948348421 1129977081360389 1694590214372357 2259203347384325 2823816480396293 3388429613408261 3953042746420229 4517655879432197 5082269012444165 5646882145456133 65384160825980
Case #40: 195
Case #41: 1 2 3 4
Case #42: 55754814295 16614934659694 33174114505093 43021880926
Case #43: 1866
Case #44: 342392
Case #45: 311 6
Case #46: 1 2 3 4 5 6 7 8 9 10 11 12 13 14 15 16 17 18 19 20 21 22 23 24 25 26 27 28 29 30 31 32 33 34 35 36 37 38 39 40 41 42 43 44 45 46 47 48 49 50 51 52 53 54 55 56 57 58 59
Case #47: 6
Case #48: 1866
Case #49: 6
Case #50: 10204 4050608 8091012 12131416 16171820 20212224 24252628 28293032 32333436 36373840 40414244 44454648 48495052 52535456 56575860 60616264 64656668 68697072 72737476 76777880 80818284 84858688 88899092 92939496 96979900
Case #51: 6245760880693 3716227724011822 7426209687142951 11136191650274080 14846173613405209 18556155576536338 22266137539667467 19239787
Case #52: 1 2 3 4 5 6 7 8 9 10 11 12
Case #53: 5547 449252 892957 272
Case #54: 2
Case #55: 123456790
Case #56: 1711566006 29778
Case #57: 193011082 59640424079 119087837076 178535250073 237982663070 297430076067 87030
Case #58: 2758864 350375651 1933497
Case #59: 28365650970 5417839335180
Case #60: 28
Case #61: 98 27461 54824 82187 109550 136913 164276 191639 219002 246365 273728 301091 328454 355817 383180 410543 437906 465269 492632 519995 547358 574721 602084 629447 656810 684173 711536 738899 766262 793625 820988 8930
Case #62: 45242304197765 35877147228826934 71709052153456103 107540957078085272 143372862002714441 179204766927343610 215036671851972779 250868576776601948 286700481701231117 3623959400290565
Case #63: 1 2 3 4 5 6 7 8 9 10 11 12 13 14 15 16 17 18 19 20 21 22 23 24 25 26 27 28 29 30 31 32 33 34 35 36 37 38 39 40 41 42 43 44 45 46 47 48 49 50 51 52 53 54 55 56 57
Case #64: 249360422405 155850264002565 311451167582725 467052071162885 622652974743045 778253878323205 933854781903365 1089455685483525 1245056589063685 17729841679036
Case #65: 102030405060709 91011121314151618 181920212223242527 272829303132333436 363738394041424345 454647484950515254 545556575859606163 636465666768697072 727374757677787981 818283848586878890 909192939495969799 100
Case #66: 20015998343869 3568
Case #67: 5664797 250107
Case #68: 123457 790
Case #69: 1 2 3 4 5 6 7 8 9 10 11 12 13 14 15 16 17 18 19 20 21 22 23 24 25 26 27 28 29 30 31 32 33 34 35 36 37 38 39 40 41 42 43 44 45 46 47 48 49 50 51 52 53 54 55 56 57 58 59 60 61 62 63 64 65 66 67 68 69 70 71 72 73 74 75 76 77 78 79 80 81 82 83 84 85 86 87 88 89 90 91 92 93 94 95 96 97 98 99 100
Case #70: 2 60 118 176 234 292 350 408 466 524 582 640 698 756
Case #71: 1
Case #72: 679 65783 130887 195991 261095 326199 25
Case #73: 623749 57384866
Case #74: 294367654 99201899111 198109430568 297016962025 395924493482 494832024939 593739556396
Case #75: 52 7405 14758 22111 29464 36817 44170 51523 58876 66229 73582 80935 88288 95641 102994 110347 49
Case #76: 758704 128220844 255682984 383145124 17607147
Case #77: 2853116706
Case #78: 28
Case #79: 1 2 3
Case #80: 48622900 23971089244 47893555588 71816021932 95738488276 119660954620 143583420964 167505887308 191428353652 215350819996 239273286340 263195752684 287118219028 3747478137
Case #81: 7874976174 258064556
Case #82: 102030406 60708091012 121314151618 181920212224 242526272830 303132333436 363738394042 424344454648 484950515254 545556575860 606162636466 666768697072 727374757678 787980818284 848586878890 909192939496 96979900
Case #83: 6
Case #84: 2 16 30
Case #85: 6053445
Case #86: 268822560488 170164680788336 340060539016184 509956397244032 679852255471880 849748113699728 1019643971927576 1189539830155424 1359435688383272 1529331546611120
Case #87: 6
Case #88: 103 30406 60709 91012 121315 151618 181921 212224 242527 272830 303133 333436 363739 394042 424345 454648 484951 515254 545557 575860 606163 636466 666769 697072 727375 757678 787981 818284 848587 878890 909193 939496 969799 100
Case #89: 1
Case #90: 1 2 3 4 5 6 7 8 9 10 11 12 13 14 15 16 17 18 19 20 21 22 23 24 25 26 27 28 29 30 31 32 33 34 35 36 37 38 39 40 41 42 43 44 45 46 47 48 49 50
Case #91: 12538804 4376042284 8739545764 13103049244 17466552724 21830056204 26193559684 30557063164 34920566644 665831697
Case #92: 2
Case #93: 1 2 3 4 5 6 7 8 9 10 11 12 13 14 15 16 17 18 19 20 21 22 23 24 25 26 27 28 29 30 31 32 33 34 35 36 37 38 39 40 41 42 43 44 45 46 47
Case #94: 195
Case #95: 2 92 182 272 362 452 542 632 722 812 902 992 1082 1172 1262 1352 1442 1532 1622 1712 1802 1892
Case #96: 1
Case #97: 2 188 374 560 746 932 1118 1304 1490 1676 1862 2048 2234 2420 2606 2792 2978 3164 3350 3536 3722 3908 4094 4280 4466 4652 4838 5024 5210 5396 5582 5768 5954 6140 6326 6512 6698 6884 7070 7256 7442 7628 7814 8000 8186 8372
Case #98: 2 204 406 608 810 1012 1214 1416 1618 1820 2022 2224 2426 2628 2830 3032 3234 3436 3638 3840 4042 4244 4446 4648 4850 5052 5254 5456 5658 5860 6062 6264 6466 6668 6870 7072 7274 7476 7678 7880 8082 8284 8486 8688 8890 9092 9294 9496 9698 9900
Case #99: 292 17768 35244 52720
Case #100: 1235 56790
