Case #1: CAB
Case #2: MJA
Case #3: OCDE
Case #4: BBAAA
Case #5: CCCABBBAB
Case #6: CCCBAABAB
Case #7: ZXCASDQWE
Case #8: BAAA
Case #9: CCCCCBBBBBAAAAA
Case #10: ZADBC
Case #11: ONMCLKJAHGFEDBI
Case #12: CCCCBAAAAABBA
Case #13: BBA
Case #14: CBA
Case #15: BA
Case #16: BBA
Case #17: CCCCCCAABBBBAAB
Case #18: CCCCCBBBBAAAABA
Case #19: CCCCCCCAAABBABB
Case #20: BBB
Case #21: BBA
Case #22: Z
Case #23: BAA
Case #24: BAAA
Case #25: ZABCD
Case #26: OIMBKHANGFEDCLJ
Case #27: ONMKCEDAFBHGILJ
Case #28: CCCCCBBBBBAAAAA
Case #29: RRBAACADABA
Case #30: ZABYCXDWEU
Case #31: OCNGKJILFHEDMBA
Case #32: AAA
Case #33: TTBRQLNBDMSPQKJ
Case #34: MMALKHFEABCDGIJ
Case #35: CCCCCBBBBBAAAAA
Case #36: DDCBBAABBCCABC
Case #37: ZDCBA
Case #38: CBA
Case #39: ZXFDDJHDQRLLYNL
Case #40: CCCCCAAAABBBBBA
Case #41: OEIFMABHGJKCDNL
Case #42: CAB
Case #43: ONMCBAGJFHILDEK
Case #44: DCBBAAAAAABBBA
Case #45: CCBBAAABAABBA
Case #46: WTNNKHHBGTNQPDG
Case #47: CCCCBAAAABAAABB
Case #48: CCCCBBBBAAABA
Case #49: CCCCAAABBBAAABB
Case #50: CCCCCCCABBABBAB
Case #51: MMKHGEAALJIFDCB
Case #52: DCBBBBBBBBAAA
Case #53: MMLGFEDBAAKJIHC
Case #54: CCCCCBBBBBAAAAA
Case #55: A
Case #56: CCCCCCCCBBBBBBB
Case #57: MMJIHGEDCBAFKLA
Case #58: CCCCCBABABAABBA
Case #59: CCCCBAAAAAAAAAB
Case #60: ZEDCBAYXWU
Case #61: YXPMGJHJVXGKRHR
Case #62: CCCCCBBBBBAAAAA
Case #63: ONJFEDCBAHGKLMI
Case #64: ZAYBXCWDUE
Case #65: CBA
Case #66: BAA
Case #67: CCCCCBBBAAAAABB
Case #68: WWPFPFBNLRKQTJR
Case #69: CCCCCBBBBBAAAAA
Case #70: CCCCCBBAABBBABA
Case #71: OECBAFHDIJKLMNG
Case #72: BAAA
Case #73: CCCCCCABABBBBBA
Case #74: ZACBA
Case #75: CCCCCBBBBBAAAAA
Case #76: BAAA
Case #77: MMIHDBAALKJGFEC
Case #78: BBBBBAAAAAAAA
Case #79: CBBBBBAAAAAAA
Case #80: CCCCCAAABAABABB
Case #81: CCCCCCBBBBABABA
Case #82: OCEFGLIHJMNDABK
Case #83: CCCCCBBAABBABBA
Case #84: CBA
Case #85: ONMKLCJFEIGDHBA
Case #86: BAA
Case #87: CCCBBABBAABBBAA
Case #88: CCCCCBBBBBAAAAA
Case #89: DDDCBBAAACACC
Case #90: ZAAAA
Case #91: CCCCCBBBBBAAAAA
Case #92: BA
Case #93: CCCCCBBBABBABAA
Case #94: CBBBBAAAAAAAA
Case #95: AA
Case #96: BB
Case #97: DDCCCBBAAAAAB
Case #98: ZDABC
Case #99: MMLIHGEDABCFJKA
Case #100: CCCCCABBAABBAAB
